<?xml version="1.0" encoding="UTF-8"?>
<!-- Generated by org.testng.reporters.JUnitReportReporter -->
<testsuite skipped="0" hostname="INBLRWIT266185V" name="Steps.SearchTest" tests="2" failures="0" timestamp="2020-01-05T09:09:58 IST" time="81.034" errors="0">
  <testcase name="seachByProduct" time="35.683" classname="Steps.SearchTest"/>
  <testcase name="seachByEmptyString" time="45.351" classname="Steps.SearchTest"/>
</testsuite> <!-- Steps.SearchTest -->
