<?xml version="1.0" encoding="UTF-8"?>
<!-- Generated by org.testng.reporters.JUnitReportReporter -->
<testsuite skipped="0" hostname="INBLRWIT266185V" name="Steps.QuickOrderTest" tests="1" failures="0" timestamp="2020-01-05T09:09:59 IST" time="31.358" errors="0">
  <testcase name="VerifyQuickOrderNavigation" time="31.358" classname="Steps.QuickOrderTest"/>
</testsuite> <!-- Steps.QuickOrderTest -->
