<?xml version="1.0" encoding="UTF-8"?>
<!-- Generated by org.testng.reporters.JUnitReportReporter -->
<testsuite skipped="0" hostname="INBLRWIT266185V" name="Steps.LoginToECom" tests="1" failures="0" timestamp="2020-01-02T17:36:50 IST" time="7.725" errors="0">
  <testcase name="f" time="7.725" classname="Steps.LoginToECom"/>
</testsuite> <!-- Steps.LoginToECom -->
