<?xml version="1.0" encoding="UTF-8"?>
<!-- Generated by org.testng.reporters.JUnitReportReporter -->
<testsuite skipped="0" hostname="INBLRWIT266185V" name="Steps.LoginTest" tests="2" failures="0" timestamp="2020-01-04T13:45:28 IST" time="17.995" errors="0">
  <testcase name="VerifyLoginTest" time="17.982" classname="Steps.LoginTest"/>
  <testcase name="verifyLoginTest2" time="0.013" classname="Steps.LoginTest"/>
</testsuite> <!-- Steps.LoginTest -->
