<?xml version="1.0" encoding="UTF-8"?>
<!-- Generated by org.testng.reporters.JUnitReportReporter -->
<testsuite skipped="0" hostname="INBLRWIT266185V" name="Reusables.Login" tests="1" failures="0" timestamp="2019-12-30T16:56:17 IST" time="7.497" errors="0">
  <testcase name="LoginToApplication" time="7.497" classname="Reusables.Login"/>
</testsuite> <!-- Reusables.Login -->
