<?xml version="1.0" encoding="UTF-8"?>
<!-- Generated by org.testng.reporters.JUnitReportReporter -->
<testsuite skipped="0" hostname="INBLRWIT266185V" name="Tests.SearchTest" tests="1" failures="0" timestamp="2020-01-23T18:07:15 IST" time="35.850" errors="0">
  <testcase name="seachByEmptyString" time="35.850" classname="Tests.SearchTest"/>
</testsuite> <!-- Tests.SearchTest -->
