<?xml version="1.0" encoding="UTF-8"?>
<!-- Generated by org.testng.reporters.JUnitReportReporter -->
<testsuite skipped="0" hostname="INBLRWIT266185V" name="Tests.QuickOrderTest" tests="1" failures="0" timestamp="2020-01-23T17:54:26 IST" time="23.306" errors="0">
  <testcase name="VerifyQuickOrderNavigation" time="23.306" classname="Tests.QuickOrderTest"/>
</testsuite> <!-- Tests.QuickOrderTest -->
