<?xml version="1.0" encoding="UTF-8"?>
<!-- Generated by org.testng.reporters.JUnitReportReporter -->
<testsuite skipped="0" hostname="INBLRWIT266185V" name="Reusables.ExtentReportUtility" tests="1" failures="0" timestamp="2020-01-02T17:33:54 IST" time="0.020" errors="0">
  <testcase name="Login" time="0.020" classname="Reusables.ExtentReportUtility"/>
</testsuite> <!-- Reusables.ExtentReportUtility -->
